Flow report for sha256_optimizePowerArea
Wed May 21 01:09:09 2025
Quartus II 64-Bit Version 13.0.1 Build 232 06/12/2013 Service Pack 1 SJ Web Edition


---------------------
; Table of Contents ;
---------------------
  1. Legal Notice
  2. Flow Summary
  3. Flow Settings
  4. Flow Non-Default Global Settings
  5. Flow Elapsed Time
  6. Flow OS Summary
  7. Flow Log
  8. Flow Messages
  9. Flow Suppressed Messages



----------------
; Legal Notice ;
----------------
Copyright (C) 1991-2013 Altera Corporation
Your use of Altera Corporation's design tools, logic functions 
and other software and tools, and its AMPP partner logic 
functions, and any output files from any of the foregoing 
(including device programming or simulation files), and any 
associated documentation or information are expressly subject 
to the terms and conditions of the Altera Program License 
Subscription Agreement, Altera MegaCore Function License 
Agreement, or other applicable license agreement, including, 
without limitation, that your use is for the sole purpose of 
programming logic devices manufactured by Altera and sold by 
Altera or its authorized distributors.  Please refer to the 
applicable agreement for further details.



+--------------------------------------------------------------------------------------+
; Flow Summary                                                                         ;
+------------------------------------+-------------------------------------------------+
; Flow Status                        ; Successful - Wed May 21 01:09:09 2025           ;
; Quartus II 64-Bit Version          ; 13.0.1 Build 232 06/12/2013 SP 1 SJ Web Edition ;
; Revision Name                      ; sha256_optimizePowerArea                        ;
; Top-level Entity Name              ; IP_wrapper                                      ;
; Family                             ; Cyclone II                                      ;
; Device                             ; EP2C35F672C6                                    ;
; Timing Models                      ; Final                                           ;
; Total logic elements               ; 4,260 / 33,216 ( 13 % )                         ;
;     Total combinational functions  ; 3,757 / 33,216 ( 11 % )                         ;
;     Dedicated logic registers      ; 1,871 / 33,216 ( 6 % )                          ;
; Total registers                    ; 1871                                            ;
; Total pins                         ; 113 / 475 ( 24 % )                              ;
; Total virtual pins                 ; 0                                               ;
; Total memory bits                  ; 0 / 483,840 ( 0 % )                             ;
; Embedded Multiplier 9-bit elements ; 0 / 70 ( 0 % )                                  ;
; Total PLLs                         ; 0 / 4 ( 0 % )                                   ;
+------------------------------------+-------------------------------------------------+


+----------------------------------------------+
; Flow Settings                                ;
+-------------------+--------------------------+
; Option            ; Setting                  ;
+-------------------+--------------------------+
; Start date & time ; 05/21/2025 01:07:10      ;
; Main task         ; Compilation              ;
; Revision Name     ; sha256_optimizePowerArea ;
+-------------------+--------------------------+


+-------------------------------------------------------------------------------------------------------------------------------------------------------------------------+
; Flow Non-Default Global Settings                                                                                                                                        ;
+-------------------------------------+-------------------------------------------------------------------------+--------------------------+-------------+----------------+
; Assignment Name                     ; Value                                                                   ; Default Value            ; Entity Name ; Section Id     ;
+-------------------------------------+-------------------------------------------------------------------------+--------------------------+-------------+----------------+
; COMPILER_SIGNATURE_ID               ; 9619532411942.174776442902124                                           ; --                       ; --          ; --             ;
; EDA_GENERATE_FUNCTIONAL_NETLIST     ; On                                                                      ; --                       ; --          ; eda_simulation ;
; EDA_OUTPUT_DATA_FORMAT              ; Verilog Hdl                                                             ; --                       ; --          ; eda_simulation ;
; EDA_SIMULATION_TOOL                 ; ModelSim-Altera (Verilog)                                               ; <None>                   ; --          ; --             ;
; ENABLE_SIGNALTAP                    ; On                                                                      ; --                       ; --          ; --             ;
; MAX_CORE_JUNCTION_TEMP              ; 85                                                                      ; --                       ; --          ; --             ;
; MIN_CORE_JUNCTION_TEMP              ; 0                                                                       ; --                       ; --          ; --             ;
; PARTITION_COLOR                     ; 16764057                                                                ; --                       ; IP_wrapper  ; Top            ;
; PARTITION_FITTER_PRESERVATION_LEVEL ; PLACEMENT_AND_ROUTING                                                   ; --                       ; IP_wrapper  ; Top            ;
; PARTITION_NETLIST_TYPE              ; SOURCE                                                                  ; --                       ; IP_wrapper  ; Top            ;
; POWER_BOARD_THERMAL_MODEL           ; None (CONSERVATIVE)                                                     ; --                       ; --          ; --             ;
; POWER_PRESET_COOLING_SOLUTION       ; 23 MM HEAT SINK WITH 200 LFPM AIRFLOW                                   ; --                       ; --          ; --             ;
; PROJECT_OUTPUT_DIRECTORY            ; output_files                                                            ; --                       ; --          ; --             ;
; SLD_FILE                            ; D:/CodeVS/SOC/SHA256_QuartusProject/output_files/stp1_auto_stripped.stp ; --                       ; --          ; --             ;
; TOP_LEVEL_ENTITY                    ; IP_wrapper                                                              ; sha256_optimizePowerArea ; --          ; --             ;
; USE_SIGNALTAP_FILE                  ; output_files/stp1.stp                                                   ; --                       ; --          ; --             ;
+-------------------------------------+-------------------------------------------------------------------------+--------------------------+-------------+----------------+


+-------------------------------------------------------------------------------------------------------------------------------+
; Flow Elapsed Time                                                                                                             ;
+---------------------------+--------------+-------------------------+---------------------+------------------------------------+
; Module Name               ; Elapsed Time ; Average Processors Used ; Peak Virtual Memory ; Total CPU Time (on all processors) ;
+---------------------------+--------------+-------------------------+---------------------+------------------------------------+
; Analysis & Synthesis      ; 00:00:17     ; 1.0                     ; 4627 MB             ; 00:00:17                           ;
; Fitter                    ; 00:00:25     ; 2.4                     ; 5708 MB             ; 00:00:48                           ;
; Assembler                 ; 00:00:02     ; 1.0                     ; 4594 MB             ; 00:00:02                           ;
; TimeQuest Timing Analyzer ; 00:00:02     ; 1.0                     ; 4694 MB             ; 00:00:02                           ;
; EDA Netlist Writer        ; 00:00:01     ; 1.0                     ; 4573 MB             ; 00:00:01                           ;
; EDA Netlist Writer        ; 00:00:01     ; 1.0                     ; 4564 MB             ; 00:00:01                           ;
; EDA Netlist Writer        ; 00:00:02     ; 1.0                     ; 4580 MB             ; 00:00:01                           ;
; Total                     ; 00:00:50     ; --                      ; --                  ; 00:01:12                           ;
+---------------------------+--------------+-------------------------+---------------------+------------------------------------+


+----------------------------------------------------------------------------------------+
; Flow OS Summary                                                                        ;
+---------------------------+------------------+-----------+------------+----------------+
; Module Name               ; Machine Hostname ; OS Name   ; OS Version ; Processor type ;
+---------------------------+------------------+-----------+------------+----------------+
; Analysis & Synthesis      ; Yukaim           ; Windows 7 ; 6.2        ; x86_64         ;
; Fitter                    ; Yukaim           ; Windows 7 ; 6.2        ; x86_64         ;
; Assembler                 ; Yukaim           ; Windows 7 ; 6.2        ; x86_64         ;
; TimeQuest Timing Analyzer ; Yukaim           ; Windows 7 ; 6.2        ; x86_64         ;
; EDA Netlist Writer        ; Yukaim           ; Windows 7 ; 6.2        ; x86_64         ;
; EDA Netlist Writer        ; Yukaim           ; Windows 7 ; 6.2        ; x86_64         ;
; EDA Netlist Writer        ; Yukaim           ; Windows 7 ; 6.2        ; x86_64         ;
+---------------------------+------------------+-----------+------------+----------------+


------------
; Flow Log ;
------------
quartus_map --read_settings_files=on --write_settings_files=off sha256_optimizePowerArea -c sha256_optimizePowerArea
quartus_fit --read_settings_files=off --write_settings_files=off sha256_optimizePowerArea -c sha256_optimizePowerArea
quartus_asm --read_settings_files=off --write_settings_files=off sha256_optimizePowerArea -c sha256_optimizePowerArea
quartus_sta sha256_optimizePowerArea -c sha256_optimizePowerArea
quartus_eda --read_settings_files=off --write_settings_files=off sha256_optimizePowerArea -c sha256_optimizePowerArea
quartus_eda --gen_testbench --check_outputs=on --tool=modelsim_oem --format=verilog sha256_optimizePowerArea -c sha256_optimizePowerArea --vector_source=D:/CodeVS/SOC/SHA256_QuartusProject/Waveform.vwf --testbench_file=./simulation/qsim/sha256_optimizePowerArea.vt
quartus_eda --functional=on --simulation=on --tool=modelsim_oem --format=verilog sha256_optimizePowerArea -c sha256_optimizePowerArea



